  main.cpp
C:\Users\Henry\source\repos\OpenGLTutorial1\OpenGLTutorial1\Shader.h(56,41): warning C4101: 'e': unreferenced local variable
C:\Users\Henry\source\repos\OpenGLTutorial1\OpenGLTutorial1\Camera.h(103,33): warning C4244: '=': conversion from 'double' to 'T', possible loss of data
          with
          [
              T=float
          ]
C:\Users\Henry\source\repos\OpenGLTutorial1\OpenGLTutorial1\Camera.h(106,33): warning C4244: '=': conversion from 'double' to 'T', possible loss of data
          with
          [
              T=float
          ]
C:\Users\Henry\source\repos\OpenGLTutorial1\OpenGLTutorial1\Camera.h(111,33): warning C4244: '=': conversion from 'double' to 'T', possible loss of data
          with
          [
              T=float
          ]
C:\Users\Henry\source\repos\OpenGLTutorial1\OpenGLTutorial1\Camera.h(114,33): warning C4244: '=': conversion from 'double' to 'T', possible loss of data
          with
          [
              T=float
          ]
C:\Users\Henry\source\repos\OpenGLTutorial1\OpenGLTutorial1\Camera.h(151,1): warning C4305: '+=': truncation from 'double' to 'float'
C:\Users\Henry\source\repos\OpenGLTutorial1\OpenGLTutorial1\Camera.h(205,1): warning C4305: 'initializing': truncation from 'double' to 'float'
C:\Users\Henry\source\repos\OpenGLTutorial1\OpenGLTutorial1\main.cpp(273,35): warning C4244: '=': conversion from 'double' to 'float', possible loss of data
C:\Users\Henry\source\repos\OpenGLTutorial1\OpenGLTutorial1\main.cpp(334,17): warning C4244: '=': conversion from 'double' to 'float', possible loss of data
C:\Users\Henry\source\repos\OpenGLTutorial1\OpenGLTutorial1\main.cpp(335,17): warning C4244: '=': conversion from 'double' to 'float', possible loss of data
C:\Users\Henry\source\repos\OpenGLTutorial1\OpenGLTutorial1\main.cpp(339,19): warning C4244: 'initializing': conversion from 'double' to 'float', possible loss of data
C:\Users\Henry\source\repos\OpenGLTutorial1\OpenGLTutorial1\main.cpp(340,19): warning C4244: 'initializing': conversion from 'double' to 'float', possible loss of data
C:\Users\Henry\source\repos\OpenGLTutorial1\OpenGLTutorial1\main.cpp(342,13): warning C4244: '=': conversion from 'double' to 'float', possible loss of data
C:\Users\Henry\source\repos\OpenGLTutorial1\OpenGLTutorial1\main.cpp(343,13): warning C4244: '=': conversion from 'double' to 'float', possible loss of data
  OpenGLTutorial1.vcxproj -> C:\Users\Henry\source\repos\OpenGLTutorial1\x64\Debug\OpenGLTutorial1.exe
